<?xml version="1.0" encoding="UTF-8"?>
<!-- Generated by org.testng.reporters.JUnitXMLReporter -->
<testsuite ignored="0" hostname="LAPTOP-2TIST1MG" failures="0" tests="3" name="Default test" time="3.235" errors="0" timestamp="24 Dec 2022 18:01:58 GMT">
  <testcase classname="rough.TestDBConnection" name="test1" time="0.226"/>
  <testcase classname="rough.TestDBConnection" name="test1" time="0.226"/>
  <testcase classname="rough.TestDBConnection" name="test1" time="0.174"/>
</testsuite> <!-- Default test -->
