<?xml version="1.0" encoding="UTF-8"?>
<testng-results ignored="0" total="3" passed="3" failed="0" skipped="0">
  <reporter-output>
  </reporter-output>
  <suite started-at="2022-12-24T18:01:55Z" name="Default suite" finished-at="2022-12-24T18:01:58Z" duration-ms="3235">
    <groups>
    </groups>
    <test started-at="2022-12-24T18:01:55Z" name="Default test" finished-at="2022-12-24T18:01:58Z" duration-ms="3235">
      <class name="rough.TestDBConnection">
        <test-method signature="test1(java.util.Hashtable)[pri:0, instance:rough.TestDBConnection@3081f72c]" started-at="2022-12-24T18:01:57Z" name="test1" data-provider="dp1" finished-at="2022-12-24T18:01:57Z" duration-ms="226" status="PASS">
          <params>
            <param index="0">
              <value>
                <![CDATA[{stringCol=Ashish, dateCol=2008-11-11, intColumn=100}]]>
              </value>
            </param>
          </params>
          <reporter-output>
          </reporter-output>
        </test-method> <!-- test1 -->
        <test-method signature="test1(java.util.Hashtable)[pri:0, instance:rough.TestDBConnection@3081f72c]" started-at="2022-12-24T18:01:57Z" name="test1" data-provider="dp1" finished-at="2022-12-24T18:01:58Z" duration-ms="226" status="PASS">
          <params>
            <param index="0">
              <value>
                <![CDATA[{stringCol=, dateCol=2008-11-01, intColumn=101}]]>
              </value>
            </param>
          </params>
          <reporter-output>
          </reporter-output>
        </test-method> <!-- test1 -->
        <test-method signature="test1(java.util.Hashtable)[pri:0, instance:rough.TestDBConnection@3081f72c]" started-at="2022-12-24T18:01:58Z" name="test1" data-provider="dp1" finished-at="2022-12-24T18:01:58Z" duration-ms="174" status="PASS">
          <params>
            <param index="0">
              <value>
                <![CDATA[{stringCol=Ashish, dateCol=2008-01-11, intColumn=}]]>
              </value>
            </param>
          </params>
          <reporter-output>
          </reporter-output>
        </test-method> <!-- test1 -->
      </class> <!-- rough.TestDBConnection -->
    </test> <!-- Default test -->
  </suite> <!-- Default suite -->
</testng-results>
